生成启动时间为 2016/3/6 11:28:33。
     1>项目“D:\文件\工程\jcgc3\jcgc3\jcgc3.vcxproj”在节点 2 上(build 个目标)。
     1>InitializeBuildStatus:
         正在创建“x64\Debug\jcgc3.unsuccessfulbuild”，因为已指定“AlwaysCreate”。
       ClCompile:
         d:\vc++\VS2010-CH-（破解版）\VC\bin\x86_amd64\CL.exe /c /Zi /nologo /W3 /WX- /Od /D WIN32 /D _DEBUG /D _CONSOLE /D _UNICODE /D UNICODE /Gm /EHsc /RTC1 /MDd /GS /fp:precise /Zc:wchar_t /Zc:forScope /Fo"x64\Debug\\" /Fd"x64\Debug\vc100.pdb" /Gd /TP /errorReport:prompt jcgc.cpp
         jcgc.cpp
     1>D:\OPENCV3\opencv\build\include\opencv2/core/mat.hpp(1965): warning C4819: 该文件包含不能在当前代码页(936)中表示的字符。请将该文件保存为 Unicode 格式以防止数据丢失
     1>D:\OPENCV3\opencv\build\include\opencv2/core/persistence.hpp : warning C4819: 该文件包含不能在当前代码页(936)中表示的字符。请将该文件保存为 Unicode 格式以防止数据丢失
     1>D:\OPENCV3\opencv\build\include\opencv2/core/mat.hpp(1965): warning C4819: 该文件包含不能在当前代码页(936)中表示的字符。请将该文件保存为 Unicode 格式以防止数据丢失
     1>D:\OPENCV3\opencv\build\include\opencv2/core/utility.hpp : warning C4819: 该文件包含不能在当前代码页(936)中表示的字符。请将该文件保存为 Unicode 格式以防止数据丢失
     1>D:\OPENCV3\opencv\build\include\opencv2/core/utility.hpp : warning C4819: 该文件包含不能在当前代码页(936)中表示的字符。请将该文件保存为 Unicode 格式以防止数据丢失
     1>d:\opencv3\opencv\build\include\opencv2\core\mat.hpp(1965): warning C4819: 该文件包含不能在当前代码页(936)中表示的字符。请将该文件保存为 Unicode 格式以防止数据丢失
     1>jcgc.cpp(61): warning C4244: “初始化”: 从“double”转换到“int”，可能丢失数据
     1>jcgc.cpp(62): warning C4244: “初始化”: 从“double”转换到“int”，可能丢失数据
     1>jcgc.cpp(64): warning C4244: “初始化”: 从“double”转换到“int”，可能丢失数据
     1>jcgc.cpp(65): warning C4244: “初始化”: 从“double”转换到“int”，可能丢失数据
     1>jcgc.cpp(66): warning C4244: “初始化”: 从“float”转换到“int”，可能丢失数据
     1>jcgc.cpp(71): warning C4244: “初始化”: 从“double”转换到“int”，可能丢失数据
     1>jcgc.cpp(80): warning C4244: “初始化”: 从“double”转换到“int”，可能丢失数据
     1>jcgc.cpp(88): warning C4244: “=”: 从“double”转换到“int”，可能丢失数据
     1>jcgc.cpp(91): warning C4244: “初始化”: 从“double”转换到“int”，可能丢失数据
     1>jcgc.cpp(93): warning C4244: “初始化”: 从“double”转换到“int”，可能丢失数据
     1>jcgc.cpp(98): warning C4244: “初始化”: 从“double”转换到“int”，可能丢失数据
       ManifestResourceCompile:
         所有输出均为最新。
       Link:
         d:\vc++\VS2010-CH-（破解版）\VC\bin\x86_amd64\link.exe /ERRORREPORT:PROMPT /OUT:"D:\文件\工程\jcgc3\x64\Debug\jcgc3.exe" /INCREMENTAL /NOLOGO opencv_ts300.lib opencv_world300.lib kernel32.lib user32.lib gdi32.lib winspool.lib comdlg32.lib advapi32.lib shell32.lib ole32.lib oleaut32.lib uuid.lib odbc32.lib odbccp32.lib /MANIFEST /ManifestFile:"x64\Debug\jcgc3.exe.intermediate.manifest" /MANIFESTUAC:"level='asInvoker' uiAccess='false'" /DEBUG /PDB:"D:\文件\工程\jcgc3\x64\Debug\jcgc3.pdb" /SUBSYSTEM:CONSOLE /TLBID:1 /DYNAMICBASE /NXCOMPAT /IMPLIB:"D:\文件\工程\jcgc3\x64\Debug\jcgc3.lib" /MACHINE:X64 x64\Debug\jcgc3.exe.embed.manifest.res
         x64\Debug\jcgc.obj
         jcgc3.vcxproj -> D:\文件\工程\jcgc3\x64\Debug\jcgc3.exe
       Manifest:
         C:\Program Files (x86)\Microsoft SDKs\Windows\v7.0A\bin\mt.exe /nologo /verbose /out:"x64\Debug\jcgc3.exe.embed.manifest" /manifest x64\Debug\jcgc3.exe.intermediate.manifest
         所有输出均为最新。
       LinkEmbedManifest:
         所有输出均为最新。
         jcgc3.vcxproj -> D:\文件\工程\jcgc3\x64\Debug\jcgc3.exe
       FinalizeBuildStatus:
         正在删除文件“x64\Debug\jcgc3.unsuccessfulbuild”。
         正在对“x64\Debug\jcgc3.lastbuildstate”执行 Touch 任务。
     1>已完成生成项目“D:\文件\工程\jcgc3\jcgc3\jcgc3.vcxproj”(build 个目标)的操作。

生成成功。

已用时间 00:00:01.12
